C:\USERS\VITALIK\DESKTOP\MPS\DEBUG\DIRECT_ACCESS_IMAGE_SAMPLE.PCH
C:\USERS\VITALIK\DESKTOP\MPS\DEBUG\STDAFX.OBJ
C:\USERS\VITALIK\DESKTOP\MPS\DEBUG\VC110.PDB
C:\USERS\VITALIK\DESKTOP\MPS\DEBUG\DIRECT_ACCESS_IMAGE.OBJ
C:\USERS\VITALIK\DESKTOP\MPS\DEBUG\DIRECT_ACCESS_IMAGE_SAMPLE.OBJ
C:\USERS\VITALIK\DESKTOP\MPS\DEBUG\BINARIZATION.OBJ
C:\USERS\VITALIK\DESKTOP\MPS\DEBUG\MAIN.OBJ
C:\USERS\VITALIK\DESKTOP\MPS\DEBUG\FILTERS.OBJ
C:\USERS\VITALIK\DESKTOP\MPS - COPY\DEBUG\DIRECT_ACCESS_IMAGE_SAMPLE.PCH
C:\USERS\VITALIK\DESKTOP\MPS - COPY\DEBUG\STDAFX.OBJ
C:\USERS\VITALIK\DESKTOP\MPS - COPY\DEBUG\VC110.PDB
C:\USERS\VITALIK\DESKTOP\MPS - COPY\DEBUG\DIRECT_ACCESS_IMAGE.OBJ
C:\USERS\VITALIK\DESKTOP\MPS - COPY\DEBUG\FILTERS.OBJ
C:\USERS\VITALIK\DESKTOP\MPS - COPY\DEBUG\MAIN.OBJ
C:\USERS\VITALIK\DESKTOP\MPS - COPY\DEBUG\BINARIZATION.OBJ
C:\USERS\VITALIK\DESKTOP\MPS\DEBUG\DIRECT_ACCESS_IMAGE_SAMPLE.ILK
C:\USERS\VITALIK\DESKTOP\MPS\DEBUG\DIRECT_ACCESS_IMAGE_SAMPLE.EXE
C:\USERS\VITALIK\DESKTOP\MPS\DEBUG\DIRECT_ACCESS_IMAGE_SAMPLE.PDB
C:\USERS\VITALIK\DESKTOP\MPS - COPY\DEBUG\DIRECT_ACCESS_IMAGE_SAMPLE.ILK
C:\USERS\VITALIK\DESKTOP\MPS - COPY\DEBUG\DIRECT_ACCESS_IMAGE_SAMPLE.EXE
C:\USERS\VITALIK\DESKTOP\MPS - COPY\DEBUG\DIRECT_ACCESS_IMAGE_SAMPLE.PDB
C:\Users\vitalik\Desktop\mps - Copy\Debug\binarization.obj
C:\Users\vitalik\Desktop\mps - Copy\Debug\Direct_Access_Image.obj
C:\Users\vitalik\Desktop\mps - Copy\Debug\Direct_Access_Image_Sample.obj
C:\Users\vitalik\Desktop\mps - Copy\Debug\filters.obj
C:\Users\vitalik\Desktop\mps - Copy\Debug\main.obj
C:\Users\vitalik\Desktop\mps - Copy\Debug\stdafx.obj
C:\Users\vitalik\Desktop\mps - Copy\Debug\Direct_Access_Image_Sample.ilk
C:\Users\vitalik\Desktop\mps - Copy\Debug\cl.command.1.tlog
C:\Users\vitalik\Desktop\mps - Copy\Debug\CL.read.1.tlog
C:\Users\vitalik\Desktop\mps - Copy\Debug\CL.write.1.tlog
C:\Users\vitalik\Desktop\mps - Copy\Debug\link-cvtres.read.1.tlog
C:\Users\vitalik\Desktop\mps - Copy\Debug\link-cvtres.write.1.tlog
C:\Users\vitalik\Desktop\mps - Copy\Debug\link-rc.read.1.tlog
C:\Users\vitalik\Desktop\mps - Copy\Debug\link-rc.write.1.tlog
C:\Users\vitalik\Desktop\mps - Copy\Debug\link.1320-cvtres.read.1.tlog
C:\Users\vitalik\Desktop\mps - Copy\Debug\link.1320-cvtres.write.1.tlog
C:\Users\vitalik\Desktop\mps - Copy\Debug\link.1320-rc.read.1.tlog
C:\Users\vitalik\Desktop\mps - Copy\Debug\link.1320-rc.write.1.tlog
C:\Users\vitalik\Desktop\mps - Copy\Debug\link.1320.read.1.tlog
C:\Users\vitalik\Desktop\mps - Copy\Debug\link.1320.write.1.tlog
C:\Users\vitalik\Desktop\mps - Copy\Debug\link.1340-cvtres.read.1.tlog
C:\Users\vitalik\Desktop\mps - Copy\Debug\link.1340-cvtres.write.1.tlog
C:\Users\vitalik\Desktop\mps - Copy\Debug\link.1340-rc.read.1.tlog
C:\Users\vitalik\Desktop\mps - Copy\Debug\link.1340-rc.write.1.tlog
C:\Users\vitalik\Desktop\mps - Copy\Debug\link.1340.read.1.tlog
C:\Users\vitalik\Desktop\mps - Copy\Debug\link.1340.write.1.tlog
C:\Users\vitalik\Desktop\mps - Copy\Debug\link.1360-cvtres.read.1.tlog
C:\Users\vitalik\Desktop\mps - Copy\Debug\link.1360-cvtres.write.1.tlog
C:\Users\vitalik\Desktop\mps - Copy\Debug\link.1360-rc.read.1.tlog
C:\Users\vitalik\Desktop\mps - Copy\Debug\link.1360-rc.write.1.tlog
C:\Users\vitalik\Desktop\mps - Copy\Debug\link.1360.read.1.tlog
C:\Users\vitalik\Desktop\mps - Copy\Debug\link.1360.write.1.tlog
C:\Users\vitalik\Desktop\mps - Copy\Debug\link.1860-cvtres.read.1.tlog
C:\Users\vitalik\Desktop\mps - Copy\Debug\link.1860-cvtres.write.1.tlog
C:\Users\vitalik\Desktop\mps - Copy\Debug\link.1860-rc.read.1.tlog
C:\Users\vitalik\Desktop\mps - Copy\Debug\link.1860-rc.write.1.tlog
C:\Users\vitalik\Desktop\mps - Copy\Debug\link.1860.read.1.tlog
C:\Users\vitalik\Desktop\mps - Copy\Debug\link.1860.write.1.tlog
C:\Users\vitalik\Desktop\mps - Copy\Debug\link.1864-cvtres.read.1.tlog
C:\Users\vitalik\Desktop\mps - Copy\Debug\link.1864-cvtres.write.1.tlog
C:\Users\vitalik\Desktop\mps - Copy\Debug\link.1864-rc.read.1.tlog
C:\Users\vitalik\Desktop\mps - Copy\Debug\link.1864-rc.write.1.tlog
C:\Users\vitalik\Desktop\mps - Copy\Debug\link.1864.read.1.tlog
C:\Users\vitalik\Desktop\mps - Copy\Debug\link.1864.write.1.tlog
C:\Users\vitalik\Desktop\mps - Copy\Debug\link.1884-cvtres.read.1.tlog
C:\Users\vitalik\Desktop\mps - Copy\Debug\link.1884-cvtres.write.1.tlog
C:\Users\vitalik\Desktop\mps - Copy\Debug\link.1884-rc.read.1.tlog
C:\Users\vitalik\Desktop\mps - Copy\Debug\link.1884-rc.write.1.tlog
C:\Users\vitalik\Desktop\mps - Copy\Debug\link.1884.read.1.tlog
C:\Users\vitalik\Desktop\mps - Copy\Debug\link.1884.write.1.tlog
C:\Users\vitalik\Desktop\mps - Copy\Debug\link.196-cvtres.read.1.tlog
C:\Users\vitalik\Desktop\mps - Copy\Debug\link.196-cvtres.write.1.tlog
C:\Users\vitalik\Desktop\mps - Copy\Debug\link.196-rc.read.1.tlog
C:\Users\vitalik\Desktop\mps - Copy\Debug\link.196-rc.write.1.tlog
C:\Users\vitalik\Desktop\mps - Copy\Debug\link.196.read.1.tlog
C:\Users\vitalik\Desktop\mps - Copy\Debug\link.196.write.1.tlog
C:\Users\vitalik\Desktop\mps - Copy\Debug\link.204-cvtres.read.1.tlog
C:\Users\vitalik\Desktop\mps - Copy\Debug\link.204-cvtres.write.1.tlog
C:\Users\vitalik\Desktop\mps - Copy\Debug\link.204-rc.read.1.tlog
C:\Users\vitalik\Desktop\mps - Copy\Debug\link.204-rc.write.1.tlog
C:\Users\vitalik\Desktop\mps - Copy\Debug\link.204.read.1.tlog
C:\Users\vitalik\Desktop\mps - Copy\Debug\link.204.write.1.tlog
C:\Users\vitalik\Desktop\mps - Copy\Debug\link.2120-cvtres.read.1.tlog
C:\Users\vitalik\Desktop\mps - Copy\Debug\link.2120-cvtres.write.1.tlog
C:\Users\vitalik\Desktop\mps - Copy\Debug\link.2120-rc.read.1.tlog
C:\Users\vitalik\Desktop\mps - Copy\Debug\link.2120-rc.write.1.tlog
C:\Users\vitalik\Desktop\mps - Copy\Debug\link.2120.read.1.tlog
C:\Users\vitalik\Desktop\mps - Copy\Debug\link.2120.write.1.tlog
C:\Users\vitalik\Desktop\mps - Copy\Debug\link.2368-cvtres.read.1.tlog
C:\Users\vitalik\Desktop\mps - Copy\Debug\link.2368-cvtres.write.1.tlog
C:\Users\vitalik\Desktop\mps - Copy\Debug\link.2368-rc.read.1.tlog
C:\Users\vitalik\Desktop\mps - Copy\Debug\link.2368-rc.write.1.tlog
C:\Users\vitalik\Desktop\mps - Copy\Debug\link.2368.read.1.tlog
C:\Users\vitalik\Desktop\mps - Copy\Debug\link.2368.write.1.tlog
C:\Users\vitalik\Desktop\mps - Copy\Debug\link.2820-cvtres.read.1.tlog
C:\Users\vitalik\Desktop\mps - Copy\Debug\link.2820-cvtres.write.1.tlog
C:\Users\vitalik\Desktop\mps - Copy\Debug\link.2820-rc.read.1.tlog
C:\Users\vitalik\Desktop\mps - Copy\Debug\link.2820-rc.write.1.tlog
C:\Users\vitalik\Desktop\mps - Copy\Debug\link.2820.read.1.tlog
C:\Users\vitalik\Desktop\mps - Copy\Debug\link.2820.write.1.tlog
C:\Users\vitalik\Desktop\mps - Copy\Debug\link.3012-cvtres.read.1.tlog
C:\Users\vitalik\Desktop\mps - Copy\Debug\link.3012-cvtres.write.1.tlog
C:\Users\vitalik\Desktop\mps - Copy\Debug\link.3012-rc.read.1.tlog
C:\Users\vitalik\Desktop\mps - Copy\Debug\link.3012-rc.write.1.tlog
C:\Users\vitalik\Desktop\mps - Copy\Debug\link.3012.read.1.tlog
C:\Users\vitalik\Desktop\mps - Copy\Debug\link.3012.write.1.tlog
C:\Users\vitalik\Desktop\mps - Copy\Debug\link.3160-cvtres.read.1.tlog
C:\Users\vitalik\Desktop\mps - Copy\Debug\link.3160-cvtres.write.1.tlog
C:\Users\vitalik\Desktop\mps - Copy\Debug\link.3160-rc.read.1.tlog
C:\Users\vitalik\Desktop\mps - Copy\Debug\link.3160-rc.write.1.tlog
C:\Users\vitalik\Desktop\mps - Copy\Debug\link.3160.read.1.tlog
C:\Users\vitalik\Desktop\mps - Copy\Debug\link.3160.write.1.tlog
C:\Users\vitalik\Desktop\mps - Copy\Debug\link.3416-cvtres.read.1.tlog
C:\Users\vitalik\Desktop\mps - Copy\Debug\link.3416-cvtres.write.1.tlog
C:\Users\vitalik\Desktop\mps - Copy\Debug\link.3416-rc.read.1.tlog
C:\Users\vitalik\Desktop\mps - Copy\Debug\link.3416-rc.write.1.tlog
C:\Users\vitalik\Desktop\mps - Copy\Debug\link.3416.read.1.tlog
C:\Users\vitalik\Desktop\mps - Copy\Debug\link.3416.write.1.tlog
C:\Users\vitalik\Desktop\mps - Copy\Debug\link.3436-cvtres.read.1.tlog
C:\Users\vitalik\Desktop\mps - Copy\Debug\link.3436-cvtres.write.1.tlog
C:\Users\vitalik\Desktop\mps - Copy\Debug\link.3436-rc.read.1.tlog
C:\Users\vitalik\Desktop\mps - Copy\Debug\link.3436-rc.write.1.tlog
C:\Users\vitalik\Desktop\mps - Copy\Debug\link.3436.read.1.tlog
C:\Users\vitalik\Desktop\mps - Copy\Debug\link.3436.write.1.tlog
C:\Users\vitalik\Desktop\mps - Copy\Debug\link.3456-cvtres.read.1.tlog
C:\Users\vitalik\Desktop\mps - Copy\Debug\link.3456-cvtres.write.1.tlog
C:\Users\vitalik\Desktop\mps - Copy\Debug\link.3456-rc.read.1.tlog
C:\Users\vitalik\Desktop\mps - Copy\Debug\link.3456-rc.write.1.tlog
C:\Users\vitalik\Desktop\mps - Copy\Debug\link.3456.read.1.tlog
C:\Users\vitalik\Desktop\mps - Copy\Debug\link.3456.write.1.tlog
C:\Users\vitalik\Desktop\mps - Copy\Debug\link.3484-cvtres.read.1.tlog
C:\Users\vitalik\Desktop\mps - Copy\Debug\link.3484-cvtres.write.1.tlog
C:\Users\vitalik\Desktop\mps - Copy\Debug\link.3484-rc.read.1.tlog
C:\Users\vitalik\Desktop\mps - Copy\Debug\link.3484-rc.write.1.tlog
C:\Users\vitalik\Desktop\mps - Copy\Debug\link.3484.read.1.tlog
C:\Users\vitalik\Desktop\mps - Copy\Debug\link.3484.write.1.tlog
C:\Users\vitalik\Desktop\mps - Copy\Debug\link.3512-cvtres.read.1.tlog
C:\Users\vitalik\Desktop\mps - Copy\Debug\link.3512-cvtres.write.1.tlog
C:\Users\vitalik\Desktop\mps - Copy\Debug\link.3512-rc.read.1.tlog
C:\Users\vitalik\Desktop\mps - Copy\Debug\link.3512-rc.write.1.tlog
C:\Users\vitalik\Desktop\mps - Copy\Debug\link.3512.read.1.tlog
C:\Users\vitalik\Desktop\mps - Copy\Debug\link.3512.write.1.tlog
C:\Users\vitalik\Desktop\mps - Copy\Debug\link.352-cvtres.read.1.tlog
C:\Users\vitalik\Desktop\mps - Copy\Debug\link.352-cvtres.write.1.tlog
C:\Users\vitalik\Desktop\mps - Copy\Debug\link.352-rc.read.1.tlog
C:\Users\vitalik\Desktop\mps - Copy\Debug\link.352-rc.write.1.tlog
C:\Users\vitalik\Desktop\mps - Copy\Debug\link.352.read.1.tlog
C:\Users\vitalik\Desktop\mps - Copy\Debug\link.352.write.1.tlog
C:\Users\vitalik\Desktop\mps - Copy\Debug\link.3632-cvtres.read.1.tlog
C:\Users\vitalik\Desktop\mps - Copy\Debug\link.3632-cvtres.write.1.tlog
C:\Users\vitalik\Desktop\mps - Copy\Debug\link.3632-rc.read.1.tlog
C:\Users\vitalik\Desktop\mps - Copy\Debug\link.3632-rc.write.1.tlog
C:\Users\vitalik\Desktop\mps - Copy\Debug\link.3632.read.1.tlog
C:\Users\vitalik\Desktop\mps - Copy\Debug\link.3632.write.1.tlog
C:\Users\vitalik\Desktop\mps - Copy\Debug\link.3744-cvtres.read.1.tlog
C:\Users\vitalik\Desktop\mps - Copy\Debug\link.3744-cvtres.write.1.tlog
C:\Users\vitalik\Desktop\mps - Copy\Debug\link.3744-rc.read.1.tlog
C:\Users\vitalik\Desktop\mps - Copy\Debug\link.3744-rc.write.1.tlog
C:\Users\vitalik\Desktop\mps - Copy\Debug\link.3744.read.1.tlog
C:\Users\vitalik\Desktop\mps - Copy\Debug\link.3744.write.1.tlog
C:\Users\vitalik\Desktop\mps - Copy\Debug\link.3948-cvtres.read.1.tlog
C:\Users\vitalik\Desktop\mps - Copy\Debug\link.3948-cvtres.write.1.tlog
C:\Users\vitalik\Desktop\mps - Copy\Debug\link.3948-rc.read.1.tlog
C:\Users\vitalik\Desktop\mps - Copy\Debug\link.3948-rc.write.1.tlog
C:\Users\vitalik\Desktop\mps - Copy\Debug\link.3948.read.1.tlog
C:\Users\vitalik\Desktop\mps - Copy\Debug\link.3948.write.1.tlog
C:\Users\vitalik\Desktop\mps - Copy\Debug\link.4160-cvtres.read.1.tlog
C:\Users\vitalik\Desktop\mps - Copy\Debug\link.4160-cvtres.write.1.tlog
C:\Users\vitalik\Desktop\mps - Copy\Debug\link.4160-rc.read.1.tlog
C:\Users\vitalik\Desktop\mps - Copy\Debug\link.4160-rc.write.1.tlog
C:\Users\vitalik\Desktop\mps - Copy\Debug\link.4160.read.1.tlog
C:\Users\vitalik\Desktop\mps - Copy\Debug\link.4160.write.1.tlog
C:\Users\vitalik\Desktop\mps - Copy\Debug\link.4216-cvtres.read.1.tlog
C:\Users\vitalik\Desktop\mps - Copy\Debug\link.4216-cvtres.write.1.tlog
C:\Users\vitalik\Desktop\mps - Copy\Debug\link.4216-rc.read.1.tlog
C:\Users\vitalik\Desktop\mps - Copy\Debug\link.4216-rc.write.1.tlog
C:\Users\vitalik\Desktop\mps - Copy\Debug\link.4216.read.1.tlog
C:\Users\vitalik\Desktop\mps - Copy\Debug\link.4216.write.1.tlog
C:\Users\vitalik\Desktop\mps - Copy\Debug\link.4292-cvtres.read.1.tlog
C:\Users\vitalik\Desktop\mps - Copy\Debug\link.4292-cvtres.write.1.tlog
C:\Users\vitalik\Desktop\mps - Copy\Debug\link.4292-rc.read.1.tlog
C:\Users\vitalik\Desktop\mps - Copy\Debug\link.4292-rc.write.1.tlog
C:\Users\vitalik\Desktop\mps - Copy\Debug\link.4292.read.1.tlog
C:\Users\vitalik\Desktop\mps - Copy\Debug\link.4292.write.1.tlog
C:\Users\vitalik\Desktop\mps - Copy\Debug\link.4376-cvtres.read.1.tlog
C:\Users\vitalik\Desktop\mps - Copy\Debug\link.4376-cvtres.write.1.tlog
C:\Users\vitalik\Desktop\mps - Copy\Debug\link.4376-rc.read.1.tlog
C:\Users\vitalik\Desktop\mps - Copy\Debug\link.4376-rc.write.1.tlog
C:\Users\vitalik\Desktop\mps - Copy\Debug\link.4376.read.1.tlog
C:\Users\vitalik\Desktop\mps - Copy\Debug\link.4376.write.1.tlog
C:\Users\vitalik\Desktop\mps - Copy\Debug\link.4432-cvtres.read.1.tlog
C:\Users\vitalik\Desktop\mps - Copy\Debug\link.4432-cvtres.write.1.tlog
C:\Users\vitalik\Desktop\mps - Copy\Debug\link.4432-rc.read.1.tlog
C:\Users\vitalik\Desktop\mps - Copy\Debug\link.4432-rc.write.1.tlog
C:\Users\vitalik\Desktop\mps - Copy\Debug\link.4432.read.1.tlog
C:\Users\vitalik\Desktop\mps - Copy\Debug\link.4432.write.1.tlog
C:\Users\vitalik\Desktop\mps - Copy\Debug\link.4472-cvtres.read.1.tlog
C:\Users\vitalik\Desktop\mps - Copy\Debug\link.4472-cvtres.write.1.tlog
C:\Users\vitalik\Desktop\mps - Copy\Debug\link.4472-rc.read.1.tlog
C:\Users\vitalik\Desktop\mps - Copy\Debug\link.4472-rc.write.1.tlog
C:\Users\vitalik\Desktop\mps - Copy\Debug\link.4472.read.1.tlog
C:\Users\vitalik\Desktop\mps - Copy\Debug\link.4472.write.1.tlog
C:\Users\vitalik\Desktop\mps - Copy\Debug\link.4504-cvtres.read.1.tlog
C:\Users\vitalik\Desktop\mps - Copy\Debug\link.4504-cvtres.write.1.tlog
C:\Users\vitalik\Desktop\mps - Copy\Debug\link.4504-rc.read.1.tlog
C:\Users\vitalik\Desktop\mps - Copy\Debug\link.4504-rc.write.1.tlog
C:\Users\vitalik\Desktop\mps - Copy\Debug\link.4504.read.1.tlog
C:\Users\vitalik\Desktop\mps - Copy\Debug\link.4504.write.1.tlog
C:\Users\vitalik\Desktop\mps - Copy\Debug\link.4628-cvtres.read.1.tlog
C:\Users\vitalik\Desktop\mps - Copy\Debug\link.4628-cvtres.write.1.tlog
C:\Users\vitalik\Desktop\mps - Copy\Debug\link.4628-rc.read.1.tlog
C:\Users\vitalik\Desktop\mps - Copy\Debug\link.4628-rc.write.1.tlog
C:\Users\vitalik\Desktop\mps - Copy\Debug\link.4628.read.1.tlog
C:\Users\vitalik\Desktop\mps - Copy\Debug\link.4628.write.1.tlog
C:\Users\vitalik\Desktop\mps - Copy\Debug\link.4736-cvtres.read.1.tlog
C:\Users\vitalik\Desktop\mps - Copy\Debug\link.4736-cvtres.write.1.tlog
C:\Users\vitalik\Desktop\mps - Copy\Debug\link.4736-rc.read.1.tlog
C:\Users\vitalik\Desktop\mps - Copy\Debug\link.4736-rc.write.1.tlog
C:\Users\vitalik\Desktop\mps - Copy\Debug\link.4736.read.1.tlog
C:\Users\vitalik\Desktop\mps - Copy\Debug\link.4736.write.1.tlog
C:\Users\vitalik\Desktop\mps - Copy\Debug\link.4828-cvtres.read.1.tlog
C:\Users\vitalik\Desktop\mps - Copy\Debug\link.4828-cvtres.write.1.tlog
C:\Users\vitalik\Desktop\mps - Copy\Debug\link.4828-rc.read.1.tlog
C:\Users\vitalik\Desktop\mps - Copy\Debug\link.4828-rc.write.1.tlog
C:\Users\vitalik\Desktop\mps - Copy\Debug\link.4828.read.1.tlog
C:\Users\vitalik\Desktop\mps - Copy\Debug\link.4828.write.1.tlog
C:\Users\vitalik\Desktop\mps - Copy\Debug\link.4832-cvtres.read.1.tlog
C:\Users\vitalik\Desktop\mps - Copy\Debug\link.4832-cvtres.write.1.tlog
C:\Users\vitalik\Desktop\mps - Copy\Debug\link.4832-rc.read.1.tlog
C:\Users\vitalik\Desktop\mps - Copy\Debug\link.4832-rc.write.1.tlog
C:\Users\vitalik\Desktop\mps - Copy\Debug\link.4832.read.1.tlog
C:\Users\vitalik\Desktop\mps - Copy\Debug\link.4832.write.1.tlog
C:\Users\vitalik\Desktop\mps - Copy\Debug\link.5376-cvtres.read.1.tlog
C:\Users\vitalik\Desktop\mps - Copy\Debug\link.5376-cvtres.write.1.tlog
C:\Users\vitalik\Desktop\mps - Copy\Debug\link.5376-rc.read.1.tlog
C:\Users\vitalik\Desktop\mps - Copy\Debug\link.5376-rc.write.1.tlog
C:\Users\vitalik\Desktop\mps - Copy\Debug\link.5376.read.1.tlog
C:\Users\vitalik\Desktop\mps - Copy\Debug\link.5376.write.1.tlog
C:\Users\vitalik\Desktop\mps - Copy\Debug\link.5596-cvtres.read.1.tlog
C:\Users\vitalik\Desktop\mps - Copy\Debug\link.5596-cvtres.write.1.tlog
C:\Users\vitalik\Desktop\mps - Copy\Debug\link.5596-rc.read.1.tlog
C:\Users\vitalik\Desktop\mps - Copy\Debug\link.5596-rc.write.1.tlog
C:\Users\vitalik\Desktop\mps - Copy\Debug\link.5596.read.1.tlog
C:\Users\vitalik\Desktop\mps - Copy\Debug\link.5596.write.1.tlog
C:\Users\vitalik\Desktop\mps - Copy\Debug\link.5640-cvtres.read.1.tlog
C:\Users\vitalik\Desktop\mps - Copy\Debug\link.5640-cvtres.write.1.tlog
C:\Users\vitalik\Desktop\mps - Copy\Debug\link.5640-rc.read.1.tlog
C:\Users\vitalik\Desktop\mps - Copy\Debug\link.5640-rc.write.1.tlog
C:\Users\vitalik\Desktop\mps - Copy\Debug\link.5640.read.1.tlog
C:\Users\vitalik\Desktop\mps - Copy\Debug\link.5640.write.1.tlog
C:\Users\vitalik\Desktop\mps - Copy\Debug\link.5660-cvtres.read.1.tlog
C:\Users\vitalik\Desktop\mps - Copy\Debug\link.5660-cvtres.write.1.tlog
C:\Users\vitalik\Desktop\mps - Copy\Debug\link.5660-rc.read.1.tlog
C:\Users\vitalik\Desktop\mps - Copy\Debug\link.5660-rc.write.1.tlog
C:\Users\vitalik\Desktop\mps - Copy\Debug\link.5660.read.1.tlog
C:\Users\vitalik\Desktop\mps - Copy\Debug\link.5660.write.1.tlog
C:\Users\vitalik\Desktop\mps - Copy\Debug\link.5688-cvtres.read.1.tlog
C:\Users\vitalik\Desktop\mps - Copy\Debug\link.5688-cvtres.write.1.tlog
C:\Users\vitalik\Desktop\mps - Copy\Debug\link.5688-rc.read.1.tlog
C:\Users\vitalik\Desktop\mps - Copy\Debug\link.5688-rc.write.1.tlog
C:\Users\vitalik\Desktop\mps - Copy\Debug\link.5688.read.1.tlog
C:\Users\vitalik\Desktop\mps - Copy\Debug\link.5688.write.1.tlog
C:\Users\vitalik\Desktop\mps - Copy\Debug\link.5784-cvtres.read.1.tlog
C:\Users\vitalik\Desktop\mps - Copy\Debug\link.5784-cvtres.write.1.tlog
C:\Users\vitalik\Desktop\mps - Copy\Debug\link.5784-rc.read.1.tlog
C:\Users\vitalik\Desktop\mps - Copy\Debug\link.5784-rc.write.1.tlog
C:\Users\vitalik\Desktop\mps - Copy\Debug\link.5784.read.1.tlog
C:\Users\vitalik\Desktop\mps - Copy\Debug\link.5784.write.1.tlog
C:\Users\vitalik\Desktop\mps - Copy\Debug\link.5844-cvtres.read.1.tlog
C:\Users\vitalik\Desktop\mps - Copy\Debug\link.5844-cvtres.write.1.tlog
C:\Users\vitalik\Desktop\mps - Copy\Debug\link.5844-rc.read.1.tlog
C:\Users\vitalik\Desktop\mps - Copy\Debug\link.5844-rc.write.1.tlog
C:\Users\vitalik\Desktop\mps - Copy\Debug\link.5844.read.1.tlog
C:\Users\vitalik\Desktop\mps - Copy\Debug\link.5844.write.1.tlog
C:\Users\vitalik\Desktop\mps - Copy\Debug\link.5884-cvtres.read.1.tlog
C:\Users\vitalik\Desktop\mps - Copy\Debug\link.5884-cvtres.write.1.tlog
C:\Users\vitalik\Desktop\mps - Copy\Debug\link.5884-rc.read.1.tlog
C:\Users\vitalik\Desktop\mps - Copy\Debug\link.5884-rc.write.1.tlog
C:\Users\vitalik\Desktop\mps - Copy\Debug\link.5884.read.1.tlog
C:\Users\vitalik\Desktop\mps - Copy\Debug\link.5884.write.1.tlog
C:\Users\vitalik\Desktop\mps - Copy\Debug\link.5928-cvtres.read.1.tlog
C:\Users\vitalik\Desktop\mps - Copy\Debug\link.5928-cvtres.write.1.tlog
C:\Users\vitalik\Desktop\mps - Copy\Debug\link.5928-rc.read.1.tlog
C:\Users\vitalik\Desktop\mps - Copy\Debug\link.5928-rc.write.1.tlog
C:\Users\vitalik\Desktop\mps - Copy\Debug\link.5928.read.1.tlog
C:\Users\vitalik\Desktop\mps - Copy\Debug\link.5928.write.1.tlog
C:\Users\vitalik\Desktop\mps - Copy\Debug\link.6032-cvtres.read.1.tlog
C:\Users\vitalik\Desktop\mps - Copy\Debug\link.6032-cvtres.write.1.tlog
C:\Users\vitalik\Desktop\mps - Copy\Debug\link.6032-rc.read.1.tlog
C:\Users\vitalik\Desktop\mps - Copy\Debug\link.6032-rc.write.1.tlog
C:\Users\vitalik\Desktop\mps - Copy\Debug\link.6032.read.1.tlog
C:\Users\vitalik\Desktop\mps - Copy\Debug\link.6032.write.1.tlog
C:\Users\vitalik\Desktop\mps - Copy\Debug\link.6100-cvtres.read.1.tlog
C:\Users\vitalik\Desktop\mps - Copy\Debug\link.6100-cvtres.write.1.tlog
C:\Users\vitalik\Desktop\mps - Copy\Debug\link.6100-rc.read.1.tlog
C:\Users\vitalik\Desktop\mps - Copy\Debug\link.6100-rc.write.1.tlog
C:\Users\vitalik\Desktop\mps - Copy\Debug\link.6100.read.1.tlog
C:\Users\vitalik\Desktop\mps - Copy\Debug\link.6100.write.1.tlog
C:\Users\vitalik\Desktop\mps - Copy\Debug\link.6132-cvtres.read.1.tlog
C:\Users\vitalik\Desktop\mps - Copy\Debug\link.6132-cvtres.write.1.tlog
C:\Users\vitalik\Desktop\mps - Copy\Debug\link.6132-rc.read.1.tlog
C:\Users\vitalik\Desktop\mps - Copy\Debug\link.6132-rc.write.1.tlog
C:\Users\vitalik\Desktop\mps - Copy\Debug\link.6132.read.1.tlog
C:\Users\vitalik\Desktop\mps - Copy\Debug\link.6132.write.1.tlog
C:\Users\vitalik\Desktop\mps - Copy\Debug\link.680-cvtres.read.1.tlog
C:\Users\vitalik\Desktop\mps - Copy\Debug\link.680-cvtres.write.1.tlog
C:\Users\vitalik\Desktop\mps - Copy\Debug\link.680-rc.read.1.tlog
C:\Users\vitalik\Desktop\mps - Copy\Debug\link.680-rc.write.1.tlog
C:\Users\vitalik\Desktop\mps - Copy\Debug\link.680.read.1.tlog
C:\Users\vitalik\Desktop\mps - Copy\Debug\link.680.write.1.tlog
C:\Users\vitalik\Desktop\mps - Copy\Debug\link.6972-cvtres.read.1.tlog
C:\Users\vitalik\Desktop\mps - Copy\Debug\link.6972-cvtres.write.1.tlog
C:\Users\vitalik\Desktop\mps - Copy\Debug\link.6972-rc.read.1.tlog
C:\Users\vitalik\Desktop\mps - Copy\Debug\link.6972-rc.write.1.tlog
C:\Users\vitalik\Desktop\mps - Copy\Debug\link.6972.read.1.tlog
C:\Users\vitalik\Desktop\mps - Copy\Debug\link.6972.write.1.tlog
C:\Users\vitalik\Desktop\mps - Copy\Debug\link.command.1.tlog
C:\Users\vitalik\Desktop\mps - Copy\Debug\link.read.1.tlog
C:\Users\vitalik\Desktop\mps - Copy\Debug\link.write.1.tlog
C:\Users\vitalik\Desktop\mps - Copy\Debug\Direct_Access_Image_Sample.pch
C:\Users\vitalik\Desktop\mps - Copy\Debug\vc110.idb
C:\Users\vitalik\Desktop\mps - Copy\Debug\Direct_Access_Image_Sample.pdb
C:\Users\vitalik\Desktop\mps - Copy\Debug\vc110.pdb
C:\Users\vitalik\Desktop\mps - Copy\Debug\Direct_Access_Image_Sample.exe
