Build started 18.12.2013 13:31:06.
     1>Project "D:\RARESH\MATERII PENTRU SCOALA\FACULTATE\MPS\proiect\Direct_Access_Image_Sample\Direct_Access_Image_Sample.vcxproj" on node 2 (build target(s)).
     1>InitializeBuildStatus:
         Creating "Debug\Direct_Access_Image_Sample.unsuccessfulbuild" because "AlwaysCreate" was specified.
       ClCompile:
         F:\Visual Studio\VC\bin\CL.exe /c /ZI /nologo /W4 /WX- /Od /Oy- /D WIN32 /D _DEBUG /D _CONSOLE /D _UNICODE /D UNICODE /Gm /EHsc /RTC1 /MDd /GS /fp:precise /Zc:wchar_t /Zc:forScope /Yc"StdAfx.h" /Fp"Debug\bin3.pch" /Fo"Debug\\" /Fd"Debug\vc100.pdb" /Gd /TP /analyze- /errorReport:prompt stdafx.cpp
         stdafx.cpp
         F:\Visual Studio\VC\bin\CL.exe /c /ZI /nologo /W4 /WX- /Od /Oy- /D WIN32 /D _DEBUG /D _CONSOLE /D _UNICODE /D UNICODE /Gm /EHsc /RTC1 /MDd /GS /fp:precise /Zc:wchar_t /Zc:forScope /Yu"StdAfx.h" /Fp"Debug\bin3.pch" /Fo"Debug\\" /Fd"Debug\vc100.pdb" /Gd /TP /analyze- /errorReport:prompt Direct_Access_Image.cpp Direct_Access_Image_Sample.cpp
         Direct_Access_Image_Sample.cpp
         Direct_Access_Image.cpp
         Generating Code...
       ManifestResourceCompile:
         C:\Program Files (x86)\Microsoft SDKs\Windows\v7.0A\bin\rc.exe /nologo /fo"Debug\bin3.exe.embed.manifest.res" Debug\bin3_manifest.rc 
       Link:
         F:\Visual Studio\VC\bin\link.exe /ERRORREPORT:PROMPT /OUT:"D:\RARESH\MATERII PENTRU SCOALA\FACULTATE\MPS\proiect\Direct_Access_Image_Sample\Debug\bin3.exe" /INCREMENTAL /NOLOGO kernel32.lib user32.lib gdi32.lib winspool.lib comdlg32.lib advapi32.lib shell32.lib ole32.lib oleaut32.lib uuid.lib odbc32.lib odbccp32.lib /MANIFEST /ManifestFile:"Debug\bin3.exe.intermediate.manifest" /MANIFESTUAC:"level='asInvoker' uiAccess='false'" /DEBUG /PDB:"D:\RARESH\MATERII PENTRU SCOALA\FACULTATE\MPS\proiect\Direct_Access_Image_Sample\Debug\bin3.pdb" /SUBSYSTEM:CONSOLE /TLBID:1 /DYNAMICBASE /NXCOMPAT /IMPLIB:"D:\RARESH\MATERII PENTRU SCOALA\FACULTATE\MPS\proiect\Direct_Access_Image_Sample\Debug\bin3.lib" /MACHINE:X86 Debug\bin3.exe.embed.manifest.res
         Debug\Direct_Access_Image.obj
         Debug\Direct_Access_Image_Sample.obj
         Debug\stdafx.obj
       Manifest:
         C:\Program Files (x86)\Microsoft SDKs\Windows\v7.0A\bin\mt.exe /nologo /verbose /out:"Debug\bin3.exe.embed.manifest" /manifest Debug\bin3.exe.intermediate.manifest
         C:\Program Files (x86)\Microsoft SDKs\Windows\v7.0A\bin\rc.exe /nologo /fo"Debug\bin3.exe.embed.manifest.res" Debug\bin3_manifest.rc 
       LinkEmbedManifest:
         F:\Visual Studio\VC\bin\link.exe /ERRORREPORT:PROMPT /OUT:"D:\RARESH\MATERII PENTRU SCOALA\FACULTATE\MPS\proiect\Direct_Access_Image_Sample\Debug\bin3.exe" /INCREMENTAL /NOLOGO kernel32.lib user32.lib gdi32.lib winspool.lib comdlg32.lib advapi32.lib shell32.lib ole32.lib oleaut32.lib uuid.lib odbc32.lib odbccp32.lib /MANIFEST /ManifestFile:"Debug\bin3.exe.intermediate.manifest" /MANIFESTUAC:"level='asInvoker' uiAccess='false'" /DEBUG /PDB:"D:\RARESH\MATERII PENTRU SCOALA\FACULTATE\MPS\proiect\Direct_Access_Image_Sample\Debug\bin3.pdb" /SUBSYSTEM:CONSOLE /TLBID:1 /DYNAMICBASE /NXCOMPAT /IMPLIB:"D:\RARESH\MATERII PENTRU SCOALA\FACULTATE\MPS\proiect\Direct_Access_Image_Sample\Debug\bin3.lib" /MACHINE:X86 Debug\bin3.exe.embed.manifest.res
         Debug\Direct_Access_Image.obj
         Debug\Direct_Access_Image_Sample.obj
         Debug\stdafx.obj
         Direct_Access_Image_Sample.vcxproj -> D:\RARESH\MATERII PENTRU SCOALA\FACULTATE\MPS\proiect\Direct_Access_Image_Sample\Debug\bin3.exe
       FinalizeBuildStatus:
         Deleting file "Debug\Direct_Access_Image_Sample.unsuccessfulbuild".
         Touching "Debug\Direct_Access_Image_Sample.lastbuildstate".
     1>Done Building Project "D:\RARESH\MATERII PENTRU SCOALA\FACULTATE\MPS\proiect\Direct_Access_Image_Sample\Direct_Access_Image_Sample.vcxproj" (build target(s)).

Build succeeded.

Time Elapsed 00:00:05.67
