C:\USERS\VITALIK\DESKTOP\MPS - COPY\RELEASE\BIN1.PCH
C:\USERS\VITALIK\DESKTOP\MPS - COPY\RELEASE\STDAFX.OBJ
C:\USERS\VITALIK\DESKTOP\MPS - COPY\RELEASE\VC110.PDB
C:\USERS\VITALIK\DESKTOP\MPS - COPY\RELEASE\BINARIZATION.OBJ
C:\USERS\VITALIK\DESKTOP\MPS - COPY\RELEASE\MAIN.OBJ
C:\USERS\VITALIK\DESKTOP\MPS - COPY\RELEASE\FILTERS.OBJ
C:\USERS\VITALIK\DESKTOP\MPS - COPY\RELEASE\DIRECT_ACCESS_IMAGE.OBJ
C:\USERS\VITALIK\DESKTOP\MPS - COPY\RELEASE\BIN1.EXE
C:\USERS\VITALIK\DESKTOP\MPS - COPY\RELEASE\BIN1.PDB
C:\Users\vitalik\Desktop\mps - Copy\Release\binarization.obj
C:\Users\vitalik\Desktop\mps - Copy\Release\Direct_Access_Image.obj
C:\Users\vitalik\Desktop\mps - Copy\Release\filters.obj
C:\Users\vitalik\Desktop\mps - Copy\Release\main.obj
C:\Users\vitalik\Desktop\mps - Copy\Release\stdafx.obj
C:\Users\vitalik\Desktop\mps - Copy\Release\cl.command.1.tlog
C:\Users\vitalik\Desktop\mps - Copy\Release\CL.read.1.tlog
C:\Users\vitalik\Desktop\mps - Copy\Release\CL.write.1.tlog
C:\Users\vitalik\Desktop\mps - Copy\Release\link-cvtres.read.1.tlog
C:\Users\vitalik\Desktop\mps - Copy\Release\link-cvtres.write.1.tlog
C:\Users\vitalik\Desktop\mps - Copy\Release\link-rc.read.1.tlog
C:\Users\vitalik\Desktop\mps - Copy\Release\link-rc.write.1.tlog
C:\Users\vitalik\Desktop\mps - Copy\Release\link.command.1.tlog
C:\Users\vitalik\Desktop\mps - Copy\Release\link.read.1.tlog
C:\Users\vitalik\Desktop\mps - Copy\Release\link.write.1.tlog
C:\Users\vitalik\Desktop\mps - Copy\Release\bin1.pch
C:\Users\vitalik\Desktop\mps - Copy\Release\bin1.pdb
C:\Users\vitalik\Desktop\mps - Copy\Release\vc110.pdb
C:\Users\vitalik\Desktop\mps - Copy\Release\bin1.exe
