Build started 12/18/2013 12:06:19 PM.
     1>Project "C:\Users\vitalik\10Team\BAM1\Direct_Access_Image_Sample.vcxproj" on node 2 (Build target(s)).
     1>ClCompile:
         C:\Program Files\Microsoft Visual Studio 11.0\VC\bin\CL.exe /c /IC:\opencv\build\\include /Zi /nologo /W4 /WX- /O2 /Oi /Oy- /GL /D WIN32 /D NDEBUG /D _CONSOLE /D _UNICODE /D UNICODE /Gm- /EHsc /MD /GS /Gy /fp:precise /Zc:wchar_t /Zc:forScope /Yc"stdafx.h" /Fp"Release\bin1.pch" /Fo"Release\\" /Fd"Release\vc110.pdb" /Gd /TP /analyze- /errorReport:prompt stdafx.cpp
         stdafx.cpp
         C:\Program Files\Microsoft Visual Studio 11.0\VC\bin\CL.exe /c /IC:\opencv\build\\include /Zi /nologo /W4 /WX- /O2 /Oi /Oy- /GL /D WIN32 /D NDEBUG /D _CONSOLE /D _UNICODE /D UNICODE /Gm- /EHsc /MD /GS /Gy /fp:precise /Zc:wchar_t /Zc:forScope /Yu"stdafx.h" /Fp"Release\bin1.pch" /Fo"Release\\" /Fd"Release\vc110.pdb" /Gd /TP /analyze- /errorReport:prompt Direct_Access_Image.cpp filters.cpp main.cpp binarization.cpp
         Direct_Access_Image.cpp
         filters.cpp
         main.cpp
     1>main.cpp(17): warning C4996: 'wcstombs': This function or variable may be unsafe. Consider using wcstombs_s instead. To disable deprecation, use _CRT_SECURE_NO_WARNINGS. See online help for details.
                 C:\Program Files\Microsoft Visual Studio 11.0\VC\include\stdlib.h(554) : see declaration of 'wcstombs'
         binarization.cpp
       Link:
         C:\Program Files\Microsoft Visual Studio 11.0\VC\bin\link.exe /ERRORREPORT:PROMPT /OUT:"C:\Users\vitalik\10Team\BAM1\Release\bin1.exe" /INCREMENTAL:NO /NOLOGO /LIBPATH:C:\opencv\build\\x86\vc11\lib opencv_calib3d247.lib opencv_contrib247.lib opencv_core247.lib opencv_features2d247.lib opencv_flann247.lib opencv_gpu247.lib opencv_ocl247.lib opencv_highgui247.lib opencv_imgproc247.lib opencv_legacy247.lib opencv_ml247.lib opencv_nonfree247.lib opencv_objdetect247.lib opencv_photo247.lib opencv_stitching247.lib opencv_superres247.lib opencv_ts247.lib opencv_video247.lib opencv_videostab247.lib kernel32.lib user32.lib gdi32.lib winspool.lib comdlg32.lib advapi32.lib shell32.lib ole32.lib oleaut32.lib uuid.lib odbc32.lib odbccp32.lib /MANIFEST /MANIFESTUAC:"level='asInvoker' uiAccess='false'" /manifest:embed /DEBUG /PDB:"C:\Users\vitalik\10Team\BAM1\Release\bin1.pdb" /SUBSYSTEM:CONSOLE /OPT:REF /OPT:ICF /LTCG /TLBID:1 /DYNAMICBASE /NXCOMPAT /IMPLIB:"C:\Users\vitalik\10Team\BAM1\Release\bin1.lib" /MACHINE:X86 /SAFESEH Release\Direct_Access_Image.obj
         Release\filters.obj
         Release\main.obj
         Release\binarization.obj
         Release\stdafx.obj
         Generating code
         Finished generating code
         Direct_Access_Image_Sample.vcxproj -> C:\Users\vitalik\10Team\BAM1\Release\bin1.exe
     1>Done Building Project "C:\Users\vitalik\10Team\BAM1\Direct_Access_Image_Sample.vcxproj" (Build target(s)).

Build succeeded.

Time Elapsed 00:00:06.32
