C:\Users\Dyablo\Desktop\Proiect MPS\Schelet cod\Debug\cl.command.1.tlog
C:\Users\Dyablo\Desktop\Proiect MPS\Schelet cod\Debug\CL.read.1.tlog
C:\Users\Dyablo\Desktop\Proiect MPS\Schelet cod\Debug\CL.write.1.tlog
C:\USERS\DYABLO\DESKTOP\PROIECT MPS\SCHELET COD\DEBUG\DIRECT_ACCESS_IMAGE.OBJ
C:\USERS\DYABLO\DESKTOP\PROIECT MPS\SCHELET COD\DEBUG\DIRECT_ACCESS_IMAGE_SAMPLE.EXE
C:\USERS\DYABLO\DESKTOP\PROIECT MPS\SCHELET COD\DEBUG\DIRECT_ACCESS_IMAGE_SAMPLE.EXE.EMBED.MANIFEST
C:\USERS\DYABLO\DESKTOP\PROIECT MPS\SCHELET COD\DEBUG\DIRECT_ACCESS_IMAGE_SAMPLE.EXE.EMBED.MANIFEST.RES
C:\USERS\DYABLO\DESKTOP\PROIECT MPS\SCHELET COD\DEBUG\DIRECT_ACCESS_IMAGE_SAMPLE.EXE.INTERMEDIATE.MANIFEST
C:\USERS\DYABLO\DESKTOP\PROIECT MPS\SCHELET COD\DEBUG\DIRECT_ACCESS_IMAGE_SAMPLE.ILK
C:\USERS\DYABLO\DESKTOP\PROIECT MPS\SCHELET COD\DEBUG\DIRECT_ACCESS_IMAGE_SAMPLE.OBJ
C:\USERS\DYABLO\DESKTOP\PROIECT MPS\SCHELET COD\DEBUG\DIRECT_ACCESS_IMAGE_SAMPLE.PCH
C:\USERS\DYABLO\DESKTOP\PROIECT MPS\SCHELET COD\DEBUG\DIRECT_ACCESS_IMAGE_SAMPLE.PDB
C:\Users\Dyablo\Desktop\Proiect MPS\Schelet cod\Debug\Direct_Access_Image_Sample_manifest.rc
C:\Users\Dyablo\Desktop\Proiect MPS\Schelet cod\Debug\link.7532.read.1.tlog
C:\Users\Dyablo\Desktop\Proiect MPS\Schelet cod\Debug\link.7532.write.1.tlog
C:\Users\Dyablo\Desktop\Proiect MPS\Schelet cod\Debug\link.7532-cvtres.read.1.tlog
C:\Users\Dyablo\Desktop\Proiect MPS\Schelet cod\Debug\link.7532-cvtres.write.1.tlog
C:\Users\Dyablo\Desktop\Proiect MPS\Schelet cod\Debug\link.command.1.tlog
C:\Users\Dyablo\Desktop\Proiect MPS\Schelet cod\Debug\link.read.1.tlog
C:\Users\Dyablo\Desktop\Proiect MPS\Schelet cod\Debug\link.write.1.tlog
C:\Users\Dyablo\Desktop\Proiect MPS\Schelet cod\Debug\link-cvtres.read.1.tlog
C:\Users\Dyablo\Desktop\Proiect MPS\Schelet cod\Debug\link-cvtres.write.1.tlog
C:\Users\Dyablo\Desktop\Proiect MPS\Schelet cod\Debug\mt.command.1.tlog
C:\Users\Dyablo\Desktop\Proiect MPS\Schelet cod\Debug\mt.read.1.tlog
C:\Users\Dyablo\Desktop\Proiect MPS\Schelet cod\Debug\mt.write.1.tlog
C:\Users\Dyablo\Desktop\Proiect MPS\Schelet cod\Debug\rc.command.1.tlog
C:\Users\Dyablo\Desktop\Proiect MPS\Schelet cod\Debug\rc.read.1.tlog
C:\Users\Dyablo\Desktop\Proiect MPS\Schelet cod\Debug\rc.write.1.tlog
C:\USERS\DYABLO\DESKTOP\PROIECT MPS\SCHELET COD\DEBUG\STDAFX.OBJ
C:\Users\Dyablo\Desktop\Proiect MPS\Schelet cod\Debug\vc100.idb
C:\USERS\DYABLO\DESKTOP\PROIECT MPS\SCHELET COD\DEBUG\VC100.PDB
