Build started 12/18/2013 6:08:23 PM.
     1>Project "C:\Users\A\Desktop\VBAM\VBAM\VBAM.vcxproj" on node 2 (Build target(s)).
     1>InitializeBuildStatus:
         Creating "Release\VBAM.unsuccessfulbuild" because "AlwaysCreate" was specified.
       ClCompile:
         C:\Program Files (x86)\Microsoft Visual Studio 11.0\VC\bin\CL.exe /c /Zi /nologo /W3 /WX- /sdl /O2 /Oi /Oy- /GL /D WIN32 /D NDEBUG /D _CONSOLE /D _UNICODE /D UNICODE /Gm- /EHsc /MD /GS /Gy /fp:precise /Zc:wchar_t /Zc:forScope /Fo"Release\\" /Fd"Release\vc110.pdb" /Gd /TP /analyze- /errorReport:prompt VoteManager.cpp
         VoteManager.cpp
       Link:
         C:\Program Files (x86)\Microsoft Visual Studio 11.0\VC\bin\link.exe /ERRORREPORT:PROMPT /OUT:"C:\Users\A\Desktop\VBAM\Release\VBAM.exe" /INCREMENTAL:NO /NOLOGO opencv_core247.lib opencv_imgproc247.lib opencv_highgui247.lib opencv_ml247.lib opencv_video247.lib opencv_features2d247.lib opencv_calib3d247.lib opencv_photo247.lib kernel32.lib user32.lib gdi32.lib winspool.lib comdlg32.lib advapi32.lib shell32.lib ole32.lib oleaut32.lib uuid.lib odbc32.lib odbccp32.lib /MANIFEST /MANIFESTUAC:"level='asInvoker' uiAccess='false'" /manifest:embed /DEBUG /PDB:"C:\Users\A\Desktop\VBAM\Release\VBAM.pdb" /SUBSYSTEM:CONSOLE /OPT:REF /OPT:ICF /LTCG /TLBID:1 /DYNAMICBASE /NXCOMPAT /IMPLIB:"C:\Users\A\Desktop\VBAM\Release\VBAM.lib" /MACHINE:X86 /SAFESEH Release\DilationPass.obj
         Release\ErosionPass.obj
         Release\GradientPass.obj
         Release\ImagePass.obj
         Release\main.obj
         Release\NoiseRemovalPass.obj
         Release\VBAM.obj
         Release\VoteManager.obj
         Release\VotePass.obj
         Generating code
         Finished generating code
         VBAM.vcxproj -> C:\Users\A\Desktop\VBAM\Release\VBAM.exe
       FinalizeBuildStatus:
         Deleting file "Release\VBAM.unsuccessfulbuild".
         Touching "Release\VBAM.lastbuildstate".
     1>Done Building Project "C:\Users\A\Desktop\VBAM\VBAM\VBAM.vcxproj" (Build target(s)).

Build succeeded.

Time Elapsed 00:00:05.75
