C:\USERS\A\DESKTOP\VBAM\VBAM\DEBUG\DILATIONPASS.OBJ
C:\USERS\A\DESKTOP\VBAM\VBAM\DEBUG\EMPTYPASS.OBJ
C:\USERS\A\DESKTOP\VBAM\VBAM\DEBUG\EROSIONPASS.OBJ
C:\USERS\A\DESKTOP\VBAM\VBAM\DEBUG\IMAGEPASS.OBJ
C:\USERS\A\DESKTOP\VBAM\VBAM\DEBUG\MAIN.OBJ
C:\USERS\A\DESKTOP\VBAM\VBAM\DEBUG\NOISEREMOVALPASS.OBJ
C:\USERS\A\DESKTOP\VBAM\VBAM\DEBUG\VBAM.OBJ
C:\USERS\A\DESKTOP\VBAM\VBAM\DEBUG\VOTEMANAGER.OBJ
C:\USERS\A\DESKTOP\VBAM\VBAM\DEBUG\VOTEPASS.OBJ
C:\USERS\A\DESKTOP\VBAM\VBAM\DEBUG\VC110.PDB
C:\USERS\A\DESKTOP\VBAM\DEBUG\VBAM.ILK
C:\USERS\A\DESKTOP\VBAM\DEBUG\VBAM.EXE
C:\USERS\A\DESKTOP\VBAM\DEBUG\VBAM.PDB
C:\Users\A\Desktop\VBAM\VBAM\Debug\DilationPass.obj
C:\Users\A\Desktop\VBAM\VBAM\Debug\EmptyPass.obj
C:\Users\A\Desktop\VBAM\VBAM\Debug\ErosionPass.obj
C:\Users\A\Desktop\VBAM\VBAM\Debug\ImagePass.obj
C:\Users\A\Desktop\VBAM\VBAM\Debug\main.obj
C:\Users\A\Desktop\VBAM\VBAM\Debug\NoiseRemovalPass.obj
C:\Users\A\Desktop\VBAM\VBAM\Debug\VBAM.obj
C:\Users\A\Desktop\VBAM\VBAM\Debug\VoteManager.obj
C:\Users\A\Desktop\VBAM\VBAM\Debug\VotePass.obj
C:\Users\A\Desktop\VBAM\VBAM\Debug\cl.command.1.tlog
C:\Users\A\Desktop\VBAM\VBAM\Debug\CL.read.1.tlog
C:\Users\A\Desktop\VBAM\VBAM\Debug\CL.write.1.tlog
C:\Users\A\Desktop\VBAM\VBAM\Debug\link-cvtres.read.1.tlog
C:\Users\A\Desktop\VBAM\VBAM\Debug\link-cvtres.write.1.tlog
C:\Users\A\Desktop\VBAM\VBAM\Debug\link-rc.read.1.tlog
C:\Users\A\Desktop\VBAM\VBAM\Debug\link-rc.write.1.tlog
C:\Users\A\Desktop\VBAM\VBAM\Debug\link.command.1.tlog
C:\Users\A\Desktop\VBAM\VBAM\Debug\link.read.1.tlog
C:\Users\A\Desktop\VBAM\VBAM\Debug\link.write.1.tlog
C:\Users\A\Desktop\VBAM\VBAM\Debug\vc110.idb
C:\Users\A\Desktop\VBAM\VBAM\Debug\vc110.pdb
C:\Users\A\Desktop\VBAM\Debug\VBAM.pdb
C:\Users\A\Desktop\VBAM\Debug\VBAM.exe
C:\Users\A\Desktop\VBAM\Debug\VBAM.ilk
